<?xml version="1.0" encoding="UTF-8"?>
<!-- Generated by org.testng.reporters.JUnitReportReporter -->
<testsuite hostname="THeOnRA" name="com.v.m.sb.ntlutils.ReportOptimizer" tests="1" failures="0" timestamp="26 Sep 2016 11:04:02 GMT" time="0.047" errors="0">
  <testcase name="archiveFiles" time="0.047" classname="com.v.m.sb.ntlutils.ReportOptimizer"/>
</testsuite> <!-- com.v.m.sb.ntlutils.ReportOptimizer -->
