<?xml version="1.0" encoding="UTF-8"?>
<!-- Generated by org.testng.reporters.JUnitReportReporter -->
<testsuite hostname="THeOnRA" name="com.v.m.sb.ntltestcases.HomePageTest" tests="4" failures="0" timestamp="27 Sep 2016 01:08:20 GMT" time="45.141" errors="0">
  <testcase name="validateHomepage" time="9.246" classname="com.v.m.sb.ntltestcases.HomePageTest"/>
  <testcase name="validateHomepage" time="12.078" classname="com.v.m.sb.ntltestcases.HomePageTest"/>
  <testcase name="validateHomepage" time="14.941" classname="com.v.m.sb.ntltestcases.HomePageTest"/>
  <testcase name="validateHomepage" time="8.876" classname="com.v.m.sb.ntltestcases.HomePageTest"/>
</testsuite> <!-- com.v.m.sb.ntltestcases.HomePageTest -->
