<?xml version="1.0" encoding="UTF-8"?>
<!-- Generated by org.testng.reporters.JUnitReportReporter -->
<testsuite hostname="THeOnRA" name="com.v.m.sb.ntlintializer.Initializer" tests="1" failures="0" timestamp="21 Sep 2016 03:28:25 GMT" time="0.015" errors="0">
  <testcase name="initializer" time="0.015" classname="com.v.m.sb.ntlintializer.Initializer"/>
</testsuite> <!-- com.v.m.sb.ntlintializer.Initializer -->
